# JRE version: Java(TM) SE Runtime Environment (8.0_162-b12) (build 1.8.0_162-b12)
# Java VM: Java HotSpot(TM) 64-Bit Server VM (25.162-b12 mixed mode windows-amd64 compressed oops)
Heap:
 PSYoungGen      total 325120K, used 310272K [0x00000000eab00000, 0x0000000100000000, 0x0000000100000000)
  eden space 310272K, 100% used [0x00000000eab00000,0x00000000fda00000,0x00000000fda00000)
  from space 14848K, 0% used [0x00000000fda00000,0x00000000fda00000,0x00000000fe880000)
  to   space 20480K, 1% used [0x00000000fec00000,0x00000000fec54010,0x0000000100000000)
 ParOldGen       total 119296K, used 60565K [0x00000000c0000000, 0x00000000c7480000, 0x00000000eab00000)
  object space 119296K, 50% used [0x00000000c0000000,0x00000000c3b25498,0x00000000c7480000)
 Metaspace       used 59581K, capacity 60326K, committed 60800K, reserved 1101824K
  class space    used 7831K, capacity 8033K, committed 8064K, reserved 1048576K
GC Heap History (10 events):
Event: 5.685 GC heap after
Heap after GC invocations=16 (full 2):
 PSYoungGen      total 317440K, used 13812K [0x00000000eab00000, 0x00000000fff00000, 0x0000000100000000)
  eden space 303616K, 0% used [0x00000000eab00000,0x00000000eab00000,0x00000000fd380000)
  from space 13824K, 99% used [0x00000000ff180000,0x00000000ffefd2a0,0x00000000fff00000)
  to   space 15360K, 0% used [0x00000000fe100000,0x00000000fe100000,0x00000000ff000000)
 ParOldGen       total 72192K, used 30507K [0x00000000c0000000, 0x00000000c4680000, 0x00000000eab00000)
  object space 72192K, 42% used [0x00000000c0000000,0x00000000c1dcad48,0x00000000c4680000)
 Metaspace       used 44599K, capacity 45270K, committed 45696K, reserved 1089536K
  class space    used 5798K, capacity 5922K, committed 6016K, reserved 1048576K
}
Event: 6.656 GC heap before
{Heap before GC invocations=17 (full 2):
 PSYoungGen      total 317440K, used 317428K [0x00000000eab00000, 0x00000000fff00000, 0x0000000100000000)
  eden space 303616K, 100% used [0x00000000eab00000,0x00000000fd380000,0x00000000fd380000)
  from space 13824K, 99% used [0x00000000ff180000,0x00000000ffefd2a0,0x00000000fff00000)
  to   space 15360K, 0% used [0x00000000fe100000,0x00000000fe100000,0x00000000ff000000)
 ParOldGen       total 72192K, used 30507K [0x00000000c0000000, 0x00000000c4680000, 0x00000000eab00000)
  object space 72192K, 42% used [0x00000000c0000000,0x00000000c1dcad48,0x00000000c4680000)
 Metaspace       used 47160K, capacity 47844K, committed 48256K, reserved 1091584K
  class space    used 6113K, capacity 6255K, committed 6272K, reserved 1048576K
Event: 6.675 GC heap after
Heap after GC invocations=17 (full 2):
 PSYoungGen      total 332800K, used 11677K [0x00000000eab00000, 0x0000000100000000, 0x0000000100000000)
  eden space 317440K, 0% used [0x00000000eab00000,0x00000000eab00000,0x00000000fe100000)
  from space 15360K, 76% used [0x00000000fe100000,0x00000000fec67648,0x00000000ff000000)
  to   space 16384K, 0% used [0x00000000ff000000,0x00000000ff000000,0x0000000100000000)
 ParOldGen       total 72192K, used 35943K [0x00000000c0000000, 0x00000000c4680000, 0x00000000eab00000)
  object space 72192K, 49% used [0x00000000c0000000,0x00000000c2319f80,0x00000000c4680000)
 Metaspace       used 47160K, capacity 47844K, committed 48256K, reserved 1091584K
  class space    used 6113K, capacity 6255K, committed 6272K, reserved 1048576K
}
Event: 7.646 GC heap before
{Heap before GC invocations=18 (full 2):
 PSYoungGen      total 332800K, used 329117K [0x00000000eab00000, 0x0000000100000000, 0x0000000100000000)
  eden space 317440K, 100% used [0x00000000eab00000,0x00000000fe100000,0x00000000fe100000)
  from space 15360K, 76% used [0x00000000fe100000,0x00000000fec67648,0x00000000ff000000)
  to   space 16384K, 0% used [0x00000000ff000000,0x00000000ff000000,0x0000000100000000)
 ParOldGen       total 72192K, used 35943K [0x00000000c0000000, 0x00000000c4680000, 0x00000000eab00000)
  object space 72192K, 49% used [0x00000000c0000000,0x00000000c2319f80,0x00000000c4680000)
 Metaspace       used 49170K, capacity 49940K, committed 50432K, reserved 1093632K
  class space    used 6403K, capacity 6583K, committed 6656K, reserved 1048576K
Event: 7.665 GC heap after
Heap after GC invocations=18 (full 2):
 PSYoungGen      total 326656K, used 16372K [0x00000000eab00000, 0x0000000100000000, 0x0000000100000000)
  eden space 310272K, 0% used [0x00000000eab00000,0x00000000eab00000,0x00000000fda00000)
  from space 16384K, 99% used [0x00000000ff000000,0x00000000ffffd278,0x0000000100000000)
  to   space 19456K, 0% used [0x00000000fda00000,0x00000000fda00000,0x00000000fed00000)
 ParOldGen       total 72192K, used 37648K [0x00000000c0000000, 0x00000000c4680000, 0x00000000eab00000)
  object space 72192K, 52% used [0x00000000c0000000,0x00000000c24c40f8,0x00000000c4680000)
 Metaspace       used 49170K, capacity 49940K, committed 50432K, reserved 1093632K
  class space    used 6403K, capacity 6583K, committed 6656K, reserved 1048576K
}
Event: 8.565 GC heap before
{Heap before GC invocations=19 (full 2):
 PSYoungGen      total 326656K, used 214646K [0x00000000eab00000, 0x0000000100000000, 0x0000000100000000)
  eden space 310272K, 63% used [0x00000000eab00000,0x00000000f6ca0850,0x00000000fda00000)
  from space 16384K, 99% used [0x00000000ff000000,0x00000000ffffd278,0x0000000100000000)
  to   space 19456K, 0% used [0x00000000fda00000,0x00000000fda00000,0x00000000fed00000)
 ParOldGen       total 72192K, used 37648K [0x00000000c0000000, 0x00000000c4680000, 0x00000000eab00000)
  object space 72192K, 52% used [0x00000000c0000000,0x00000000c24c40f8,0x00000000c4680000)
 Metaspace       used 57995K, capacity 58766K, committed 59008K, reserved 1099776K
  class space    used 7593K, capacity 7799K, committed 7808K, reserved 1048576K
Event: 8.589 GC heap after
Heap after GC invocations=19 (full 2):
 PSYoungGen      total 325120K, used 14744K [0x00000000eab00000, 0x0000000100000000, 0x0000000100000000)
  eden space 310272K, 0% used [0x00000000eab00000,0x00000000eab00000,0x00000000fda00000)
  from space 14848K, 99% used [0x00000000fda00000,0x00000000fe866258,0x00000000fe880000)
  to   space 20480K, 0% used [0x00000000fec00000,0x00000000fec00000,0x0000000100000000)
 ParOldGen       total 72192K, used 52104K [0x00000000c0000000, 0x00000000c4680000, 0x00000000eab00000)
  object space 72192K, 72% used [0x00000000c0000000,0x00000000c32e2268,0x00000000c4680000)
 Metaspace       used 57995K, capacity 58766K, committed 59008K, reserved 1099776K
  class space    used 7593K, capacity 7799K, committed 7808K, reserved 1048576K
}
Event: 8.589 GC heap before
{Heap before GC invocations=20 (full 3):
 PSYoungGen      total 325120K, used 14744K [0x00000000eab00000, 0x0000000100000000, 0x0000000100000000)
  eden space 310272K, 0% used [0x00000000eab00000,0x00000000eab00000,0x00000000fda00000)
  from space 14848K, 99% used [0x00000000fda00000,0x00000000fe866258,0x00000000fe880000)
  to   space 20480K, 0% used [0x00000000fec00000,0x00000000fec00000,0x0000000100000000)
 ParOldGen       total 72192K, used 52104K [0x00000000c0000000, 0x00000000c4680000, 0x00000000eab00000)
  object space 72192K, 72% used [0x00000000c0000000,0x00000000c32e2268,0x00000000c4680000)
 Metaspace       used 57995K, capacity 58766K, committed 59008K, reserved 1099776K
  class space    used 7593K, capacity 7799K, committed 7808K, reserved 1048576K
Event: 8.907 GC heap after
Heap after GC invocations=20 (full 3):
 PSYoungGen      total 325120K, used 0K [0x00000000eab00000, 0x0000000100000000, 0x0000000100000000)
  eden space 310272K, 0% used [0x00000000eab00000,0x00000000eab00000,0x00000000fda00000)
  from space 14848K, 0% used [0x00000000fda00000,0x00000000fda00000,0x00000000fe880000)
  to   space 20480K, 0% used [0x00000000fec00000,0x00000000fec00000,0x0000000100000000)
 ParOldGen       total 119296K, used 60565K [0x00000000c0000000, 0x00000000c7480000, 0x00000000eab00000)
  object space 119296K, 50% used [0x00000000c0000000,0x00000000c3b25498,0x00000000c7480000)
 Metaspace       used 57995K, capacity 58766K, committed 59008K, reserved 1099776K
  class space    used 7593K, capacity 7799K, committed 7808K, reserved 1048576K
}
Event: 1196.016 GC heap before
{Heap before GC invocations=21 (full 3):
 PSYoungGen      total 325120K, used 310272K [0x00000000eab00000, 0x0000000100000000, 0x0000000100000000)
  eden space 310272K, 100% used [0x00000000eab00000,0x00000000fda00000,0x00000000fda00000)
  from space 14848K, 0% used [0x00000000fda00000,0x00000000fda00000,0x00000000fe880000)
  to   space 20480K, 0% used [0x00000000fec00000,0x00000000fec00000,0x0000000100000000)
 ParOldGen       total 119296K, used 60565K [0x00000000c0000000, 0x00000000c7480000, 0x00000000eab00000)
  object space 119296K, 50% used [0x00000000c0000000,0x00000000c3b25498,0x00000000c7480000)
 Metaspace       used 59581K, capacity 60326K, committed 60800K, reserved 1101824K
  class space    used 7831K, capacity 8033K, committed 8064K, reserved 1048576K

